{"level":"info","message":"Server running on port 3000","timestamp":"2025-02-21T11:33:29.039Z"}
{"level":"info","message":"Server running on port 3000","timestamp":"2025-02-21T11:33:56.309Z"}
{"level":"info","message":"Server running on port 3000","timestamp":"2025-02-21T11:34:04.470Z"}
{"level":"info","message":"Server running on port 3000","timestamp":"2025-02-21T11:34:42.097Z"}
{"level":"info","message":"Server running on port 2345","timestamp":"2025-02-21T11:44:12.972Z"}
{"level":"info","message":"Server running on port 2345","timestamp":"2025-02-21T11:59:44.270Z"}
{"driverId":"094fe202-9354-4768-bc59-23b9d7cb66b9","level":"info","message":"Driver registered","timestamp":"2025-02-21T12:09:17.962Z"}
{"driverId":"094fe202-9354-4768-bc59-23b9d7cb66b9","level":"info","message":"Driver logged in","timestamp":"2025-02-21T12:10:52.973Z"}
{"level":"info","message":"Route created","routeId":"e69d1909-4b37-4161-9247-39c1d21ab939","timestamp":"2025-02-21T12:12:05.623Z"}
{"error":{"code":"22P02","driverError":{"code":"22P02","file":"uuid.c","length":146,"line":"138","name":"error","routine":"string_to_uuid","severity":"ERROR","where":"unnamed portal parameter $1 = '...'"},"file":"uuid.c","length":146,"line":"138","parameters":["uuid-of-driver"],"query":"SELECT DISTINCT \"distinctAlias\".\"Route_id\" AS \"ids_Route_id\" FROM (SELECT \"Route\".\"id\" AS \"Route_id\", \"Route\".\"driverId\" AS \"Route_driverId\", \"Route\".\"startTime\" AS \"Route_startTime\", \"Route\".\"endTime\" AS \"Route_endTime\", \"Route__Route_pickupPoints\".\"id\" AS \"Route__Route_pickupPoints_id\", \"Route__Route_pickupPoints\".\"lat\" AS \"Route__Route_pickupPoints_lat\", \"Route__Route_pickupPoints\".\"lng\" AS \"Route__Route_pickupPoints_lng\", \"Route__Route_pickupPoints\".\"address\" AS \"Route__Route_pickupPoints_address\", \"Route__Route_pickupPoints\".\"status\" AS \"Route__Route_pickupPoints_status\", \"Route__Route_pickupPoints\".\"completedAt\" AS \"Route__Route_pickupPoints_completedAt\", \"Route__Route_pickupPoints\".\"routeId\" AS \"Route__Route_pickupPoints_routeId\", \"Route__Route_destinations\".\"id\" AS \"Route__Route_destinations_id\", \"Route__Route_destinations\".\"lat\" AS \"Route__Route_destinations_lat\", \"Route__Route_destinations\".\"lng\" AS \"Route__Route_destinations_lng\", \"Route__Route_destinations\".\"address\" AS \"Route__Route_destinations_address\", \"Route__Route_destinations\".\"maxTimeToReach\" AS \"Route__Route_destinations_maxTimeToReach\", \"Route__Route_destinations\".\"status\" AS \"Route__Route_destinations_status\", \"Route__Route_destinations\".\"reachedAt\" AS \"Route__Route_destinations_reachedAt\", \"Route__Route_destinations\".\"deliveredAt\" AS \"Route__Route_destinations_deliveredAt\", \"Route__Route_destinations\".\"waitTime\" AS \"Route__Route_destinations_waitTime\", \"Route__Route_destinations\".\"remarks\" AS \"Route__Route_destinations_remarks\", \"Route__Route_destinations\".\"routeId\" AS \"Route__Route_destinations_routeId\", \"Route__Route_metadata\".\"id\" AS \"Route__Route_metadata_id\", \"Route__Route_metadata\".\"routeId\" AS \"Route__Route_metadata_routeId\", \"Route__Route_metadata\".\"travelTimes\" AS \"Route__Route_metadata_travelTimes\", \"Route__Route_metadata\".\"driverName\" AS \"Route__Route_metadata_driverName\", \"Route__Route_metadata\".\"vehicleNumber\" AS \"Route__Route_metadata_vehicleNumber\", \"Route__Route_metadata\".\"vehicleColor\" AS \"Route__Route_metadata_vehicleColor\", \"Route__Route_metadata\".\"vehicleSize\" AS \"Route__Route_metadata_vehicleSize\", \"Route__Route_metadata\".\"vehicleType\" AS \"Route__Route_metadata_vehicleType\", \"Route__Route_metadata\".\"imagePath\" AS \"Route__Route_metadata_imagePath\" FROM \"route\" \"Route\" LEFT JOIN \"pickup_point\" \"Route__Route_pickupPoints\" ON \"Route__Route_pickupPoints\".\"routeId\"=\"Route\".\"id\"  LEFT JOIN \"destination\" \"Route__Route_destinations\" ON \"Route__Route_destinations\".\"routeId\"=\"Route\".\"id\"  LEFT JOIN \"route_metadata\" \"Route__Route_metadata\" ON \"Route__Route_metadata\".\"routeId\"=\"Route\".\"id\" WHERE ((\"Route\".\"driverId\" = $1))) \"distinctAlias\" ORDER BY \"Route_id\" ASC LIMIT 1","routine":"string_to_uuid","severity":"ERROR","where":"unnamed portal parameter $1 = '...'"},"level":"error","message":"Get route error","timestamp":"2025-02-21T12:13:49.590Z"}
{"error":{"message":"jwt malformed","name":"JsonWebTokenError"},"level":"error","message":"Invalid token","path":"/update","timestamp":"2025-02-21T12:15:16.055Z"}
{"driverId":"094fe202-9354-4768-bc59-23b9d7cb66b9","lat":12.9716,"level":"info","lng":77.5946,"message":"Driver location saved","timestamp":"2025-02-21T12:15:40.799Z"}
{"level":"info","message":"Server running on port 2345","timestamp":"2025-02-21T16:58:24.370Z"}
{"driverId":"094fe202-9354-4768-bc59-23b9d7cb66b9","level":"info","message":"Driver logged in","timestamp":"2025-02-21T16:59:53.435Z"}
{"driverId":"094fe202-9354-4768-bc59-23b9d7cb66b9","level":"info","message":"Driver logged in","timestamp":"2025-02-21T17:00:23.885Z"}
{"driverId":"094fe202-9354-4768-bc59-23b9d7cb66b9","level":"info","message":"Driver logged in","timestamp":"2025-02-21T17:02:00.390Z"}
{"driverId":"094fe202-9354-4768-bc59-23b9d7cb66b9","level":"info","message":"Driver logged in","timestamp":"2025-02-21T17:02:17.667Z"}
{"driverId":"094fe202-9354-4768-bc59-23b9d7cb66b9","level":"info","message":"Driver logged in","timestamp":"2025-02-21T17:10:15.963Z"}
{"driverId":"094fe202-9354-4768-bc59-23b9d7cb66b9","level":"info","message":"Driver logged in","timestamp":"2025-02-21T17:12:39.948Z"}
{"driverId":"094fe202-9354-4768-bc59-23b9d7cb66b9","level":"info","message":"Route served from cache","timestamp":"2025-02-21T17:12:40.632Z"}
{"driverId":"094fe202-9354-4768-bc59-23b9d7cb66b9","level":"info","message":"Driver logged in","timestamp":"2025-02-21T17:31:24.371Z"}
{"driverId":"094fe202-9354-4768-bc59-23b9d7cb66b9","level":"info","message":"Driver logged in","timestamp":"2025-02-21T17:36:33.713Z"}
{"driverId":"094fe202-9354-4768-bc59-23b9d7cb66b9","level":"info","message":"Driver logged in","timestamp":"2025-02-21T18:06:31.237Z"}
{"error":{"expiredAt":"2025-02-21T13:10:52.000Z","message":"jwt expired","name":"TokenExpiredError"},"level":"error","message":"Invalid token","path":"/094fe202-9354-4768-bc59-23b9d7cb66b9","timestamp":"2025-02-21T18:07:12.907Z"}
{"error":{"expiredAt":"2025-02-21T18:02:00.000Z","message":"jwt expired","name":"TokenExpiredError"},"level":"error","message":"Invalid token","path":"/094fe202-9354-4768-bc59-23b9d7cb66b9","timestamp":"2025-02-21T18:07:32.099Z"}
{"driverId":"094fe202-9354-4768-bc59-23b9d7cb66b9","level":"info","message":"Driver logged in","timestamp":"2025-02-21T18:07:37.437Z"}
{"driverId":"094fe202-9354-4768-bc59-23b9d7cb66b9","level":"info","message":"Route served from cache","timestamp":"2025-02-21T18:07:56.797Z"}
{"driverId":"094fe202-9354-4768-bc59-23b9d7cb66b9","level":"info","message":"Driver logged in","timestamp":"2025-02-21T18:08:32.918Z"}
{"driverId":"094fe202-9354-4768-bc59-23b9d7cb66b9","level":"info","message":"Driver logged in","timestamp":"2025-02-21T18:10:31.069Z"}
{"driverId":"094fe202-9354-4768-bc59-23b9d7cb66b9","level":"info","message":"Driver logged in","timestamp":"2025-02-21T18:11:29.254Z"}
{"driverId":"094fe202-9354-4768-bc59-23b9d7cb66b9","level":"info","message":"Driver logged in","timestamp":"2025-02-21T18:11:29.666Z"}
{"driverId":"094fe202-9354-4768-bc59-23b9d7cb66b9","lat":28.48832646,"level":"info","lng":77.09542788,"message":"Driver location saved","timestamp":"2025-02-21T18:12:18.767Z"}
{"driverId":"094fe202-9354-4768-bc59-23b9d7cb66b9","level":"info","message":"Driver logged in","timestamp":"2025-02-21T18:12:56.949Z"}
{"driverId":"094fe202-9354-4768-bc59-23b9d7cb66b9","level":"info","message":"Driver logged in","timestamp":"2025-02-21T18:16:32.805Z"}
{"driverId":"094fe202-9354-4768-bc59-23b9d7cb66b9","level":"info","message":"Route served from cache","timestamp":"2025-02-21T18:16:37.411Z"}
{"driverId":"094fe202-9354-4768-bc59-23b9d7cb66b9","level":"info","message":"Driver logged in","timestamp":"2025-02-21T18:27:12.590Z"}
{"driverId":"094fe202-9354-4768-bc59-23b9d7cb66b9","level":"info","message":"Route served from cache","timestamp":"2025-02-21T18:27:13.320Z"}
{"driverId":"094fe202-9354-4768-bc59-23b9d7cb66b9","lat":37.421998333333335,"level":"info","lng":-122.084,"message":"Driver location saved","timestamp":"2025-02-21T18:27:15.666Z"}
{"driverId":"094fe202-9354-4768-bc59-23b9d7cb66b9","level":"info","message":"Driver logged in","timestamp":"2025-02-21T18:45:53.486Z"}
{"driverId":"094fe202-9354-4768-bc59-23b9d7cb66b9","level":"info","message":"Route served from cache","timestamp":"2025-02-21T18:45:56.388Z"}
{"driverId":"094fe202-9354-4768-bc59-23b9d7cb66b9","level":"info","message":"Driver logged in","timestamp":"2025-02-21T18:51:17.531Z"}
{"driverId":"094fe202-9354-4768-bc59-23b9d7cb66b9","level":"info","message":"Route served from cache","timestamp":"2025-02-21T18:51:18.410Z"}
{"driverId":"094fe202-9354-4768-bc59-23b9d7cb66b9","level":"info","message":"Driver logged in","timestamp":"2025-02-21T18:56:57.689Z"}
{"driverId":"094fe202-9354-4768-bc59-23b9d7cb66b9","level":"info","message":"Route served from cache","timestamp":"2025-02-21T18:56:58.581Z"}
{"level":"info","message":"Server running on port 2345","timestamp":"2025-02-22T04:44:11.196Z"}
{"level":"warn","message":"Driver not found","timestamp":"2025-02-22T04:46:40.448Z","vehicleNumber":""}
{"driverId":"094fe202-9354-4768-bc59-23b9d7cb66b9","level":"info","message":"Driver logged in","timestamp":"2025-02-22T04:48:06.226Z"}
{"driverId":"094fe202-9354-4768-bc59-23b9d7cb66b9","lat":37.421998333333335,"level":"info","lng":-122.084,"message":"Driver location saved","timestamp":"2025-02-22T04:48:13.968Z"}
{"driverId":"094fe202-9354-4768-bc59-23b9d7cb66b9","level":"info","message":"Driver logged in","timestamp":"2025-02-22T05:00:26.735Z"}
{"driverId":"094fe202-9354-4768-bc59-23b9d7cb66b9","level":"info","message":"Driver logged in","timestamp":"2025-02-22T05:05:39.911Z"}
{"driverId":"094fe202-9354-4768-bc59-23b9d7cb66b9","level":"info","message":"Route served from cache","timestamp":"2025-02-22T05:05:40.826Z"}
{"level":"info","message":"Server running on port 2345","timestamp":"2025-02-22T05:12:23.223Z"}
{"error":{"expiredAt":"2025-02-21T19:07:37.000Z","message":"jwt expired","name":"TokenExpiredError"},"level":"error","message":"Invalid token","path":"/094fe202-9354-4768-bc59-23b9d7cb66b9","timestamp":"2025-02-22T05:12:31.025Z"}
{"driverId":"094fe202-9354-4768-bc59-23b9d7cb66b9","level":"info","message":"Driver logged in","timestamp":"2025-02-22T05:12:34.959Z"}
{"driverId":"094fe202-9354-4768-bc59-23b9d7cb66b9","level":"info","message":"Route served from cache","timestamp":"2025-02-22T05:13:27.227Z"}
{"driverId":"094fe202-9354-4768-bc59-23b9d7cb66b9","level":"info","message":"Driver logged in","timestamp":"2025-02-22T05:14:01.661Z"}
{"driverId":"094fe202-9354-4768-bc59-23b9d7cb66b9","level":"info","message":"Route served from cache","timestamp":"2025-02-22T05:14:10.631Z"}
{"error":{"expiredAt":"2025-02-21T13:10:52.000Z","message":"jwt expired","name":"TokenExpiredError"},"level":"error","message":"Invalid token","path":"/update","timestamp":"2025-02-22T05:15:07.722Z"}
{"driverId":"094fe202-9354-4768-bc59-23b9d7cb66b9","lat":12.9716,"level":"info","lng":77.5946,"message":"Driver location saved","timestamp":"2025-02-22T05:15:18.690Z"}
{"driverId":"094fe202-9354-4768-bc59-23b9d7cb66b9","level":"info","message":"Route served from cache","timestamp":"2025-02-22T05:16:26.033Z"}
{"driverId":"094fe202-9354-4768-bc59-23b9d7cb66b9","level":"info","message":"Route served from cache","timestamp":"2025-02-22T05:16:27.786Z"}
{"driverId":"094fe202-9354-4768-bc59-23b9d7cb66b9","level":"info","message":"Route served from cache","timestamp":"2025-02-22T05:18:24.857Z"}
{"driverId":"094fe202-9354-4768-bc59-23b9d7cb66b9","level":"info","message":"Route served from cache","timestamp":"2025-02-22T05:18:27.004Z"}
{"driverId":"094fe202-9354-4768-bc59-23b9d7cb66b9","level":"info","message":"Route served from cache","timestamp":"2025-02-22T05:19:08.822Z"}
{"error":"getaddrinfo ENOTFOUND static-maps.openstreetmap.de","level":"error","message":"Route map generation error","timestamp":"2025-02-22T05:19:51.634Z"}
{"error":{"code":"ENOTFOUND","config":{"adapter":["xhr","http","fetch"],"env":{},"headers":{"Accept":"application/json, text/plain, */*","Accept-Encoding":"gzip, compress, deflate, br","User-Agent":"axios/1.7.9"},"maxBodyLength":-1,"maxContentLength":-1,"method":"get","responseType":"arraybuffer","timeout":0,"transformRequest":[null],"transformResponse":[null],"transitional":{"clarifyTimeoutError":false,"forcedJSONParsing":true,"silentJSONParsing":true},"url":"https://static-maps.openstreetmap.de/staticmap?w=800&h=600&path=12.9716%2C77.5946%7C28.48832646%2C77.09542788%7C37.421998333333335%2C-122.084%7C37.421998333333335%2C-122.084%7C12.9716%2C77.5946&marker=13.0827,80.2707,red&zoom=auto","xsrfCookieName":"XSRF-TOKEN","xsrfHeaderName":"X-XSRF-TOKEN"},"message":"getaddrinfo ENOTFOUND static-maps.openstreetmap.de","name":"Error","stack":"Error: getaddrinfo ENOTFOUND static-maps.openstreetmap.de\n    at AxiosError.from (/Users/jatinsharma/Desktop/Driver/driver_backend/node_modules/axios/dist/node/axios.cjs:877:14)\n    at RedirectableRequest.handleRequestError (/Users/jatinsharma/Desktop/Driver/driver_backend/node_modules/axios/dist/node/axios.cjs:3163:25)\n    at RedirectableRequest.emit (node:events:518:28)\n    at eventHandlers.<computed> (/Users/jatinsharma/Desktop/Driver/driver_backend/node_modules/follow-redirects/index.js:49:24)\n    at ClientRequest.emit (node:events:518:28)\n    at emitErrorEvent (node:_http_client:101:11)\n    at TLSSocket.socketErrorListener (node:_http_client:504:5)\n    at TLSSocket.emit (node:events:518:28)\n    at emitErrorNT (node:internal/streams/destroy:169:8)\n    at emitErrorCloseNT (node:internal/streams/destroy:128:3)\n    at Axios.request (/Users/jatinsharma/Desktop/Driver/driver_backend/node_modules/axios/dist/node/axios.cjs:4252:41)\n    at process.processTicksAndRejections (node:internal/process/task_queues:95:5)"},"level":"error","message":"Mark delivered error","timestamp":"2025-02-22T05:19:51.634Z"}
{"level":"info","message":"Server running on port 2345","timestamp":"2025-02-22T07:11:54.448Z"}
{"level":"info","message":"Server running on port 2345","timestamp":"2025-02-22T07:12:19.272Z"}
{"level":"info","message":"Server running on port 2345","timestamp":"2025-02-22T07:22:32.332Z"}
{"level":"info","message":"Server running on port 2345","timestamp":"2025-02-22T07:23:24.415Z"}
{"level":"info","message":"Server running on port 2345","timestamp":"2025-02-22T07:24:04.613Z"}
{"level":"info","message":"Server running on port 2345","timestamp":"2025-02-22T07:26:25.997Z"}
